# JRE version: Java(TM) SE Runtime Environment (8.0_261-b12) (build 1.8.0_261-b12)
# Java VM: Java HotSpot(TM) 64-Bit Server VM (25.261-b12 mixed mode windows-amd64 compressed oops)
Heap:
 PSYoungGen      total 292352K, used 288882K [0x0000000780000000, 0x0000000797280000, 0x00000007c0000000)
  eden space 288256K, 99% used [0x0000000780000000,0x000000079175eb40,0x0000000791980000)
  from space 4096K, 70% used [0x0000000796e80000,0x0000000797154030,0x0000000797280000)
  to   space 45568K, 0% used [0x0000000791980000,0x0000000791980000,0x0000000794600000)
 ParOldGen       total 251392K, used 105021K [0x0000000700000000, 0x000000070f580000, 0x0000000780000000)
  object space 251392K, 41% used [0x0000000700000000,0x000000070668f428,0x000000070f580000)
 Metaspace       used 63500K, capacity 64688K, committed 65024K, reserved 1105920K
  class space    used 8546K, capacity 8842K, committed 8960K, reserved 1048576K
GC Heap History (10 events):
Event: 32.959 GC heap before
{Heap before GC invocations=20 (full 4):
 PSYoungGen      total 253440K, used 237341K [0x0000000780000000, 0x0000000798080000, 0x00000007c0000000)
  eden space 237568K, 99% used [0x0000000780000000,0x000000078e7c7648,0x000000078e800000)
  from space 15872K, 0% used [0x000000078e800000,0x000000078e800000,0x000000078f780000)
  to   space 49152K, 0% used [0x0000000795080000,0x0000000795080000,0x0000000798080000)
 ParOldGen       total 251392K, used 104989K [0x0000000700000000, 0x000000070f580000, 0x0000000780000000)
  object space 251392K, 41% used [0x0000000700000000,0x0000000706687428,0x000000070f580000)
 Metaspace       used 61443K, capacity 62454K, committed 63104K, reserved 1103872K
  class space    used 8376K, capacity 8651K, committed 8832K, reserved 1048576K
Event: 32.975 GC heap after
Heap after GC invocations=20 (full 4):
 PSYoungGen      total 303616K, used 2640K [0x0000000780000000, 0x0000000796c80000, 0x00000007c0000000)
  eden space 274944K, 0% used [0x0000000780000000,0x0000000780000000,0x0000000790c80000)
  from space 28672K, 9% used [0x0000000795080000,0x00000007953140c0,0x0000000796c80000)
  to   space 49152K, 0% used [0x0000000790c80000,0x0000000790c80000,0x0000000793c80000)
 ParOldGen       total 251392K, used 104997K [0x0000000700000000, 0x000000070f580000, 0x0000000780000000)
  object space 251392K, 41% used [0x0000000700000000,0x0000000706689428,0x000000070f580000)
 Metaspace       used 61443K, capacity 62454K, committed 63104K, reserved 1103872K
  class space    used 8376K, capacity 8651K, committed 8832K, reserved 1048576K
}
Event: 34.447 GC heap before
{Heap before GC invocations=21 (full 4):
 PSYoungGen      total 303616K, used 277538K [0x0000000780000000, 0x0000000796c80000, 0x00000007c0000000)
  eden space 274944K, 99% used [0x0000000780000000,0x0000000790c74860,0x0000000790c80000)
  from space 28672K, 9% used [0x0000000795080000,0x00000007953140c0,0x0000000796c80000)
  to   space 49152K, 0% used [0x0000000790c80000,0x0000000790c80000,0x0000000793c80000)
 ParOldGen       total 251392K, used 104997K [0x0000000700000000, 0x000000070f580000, 0x0000000780000000)
  object space 251392K, 41% used [0x0000000700000000,0x0000000706689428,0x000000070f580000)
 Metaspace       used 61582K, capacity 62600K, committed 63104K, reserved 1103872K
  class space    used 8388K, capacity 8654K, committed 8832K, reserved 1048576K
Event: 34.452 GC heap after
Heap after GC invocations=21 (full 4):
 PSYoungGen      total 324096K, used 2960K [0x0000000780000000, 0x0000000798380000, 0x00000007c0000000)
  eden space 274944K, 0% used [0x0000000780000000,0x0000000780000000,0x0000000790c80000)
  from space 49152K, 6% used [0x0000000790c80000,0x0000000790f64080,0x0000000793c80000)
  to   space 48128K, 0% used [0x0000000795480000,0x0000000795480000,0x0000000798380000)
 ParOldGen       total 251392K, used 105005K [0x0000000700000000, 0x000000070f580000, 0x0000000780000000)
  object space 251392K, 41% used [0x0000000700000000,0x000000070668b428,0x000000070f580000)
 Metaspace       used 61582K, capacity 62600K, committed 63104K, reserved 1103872K
  class space    used 8388K, capacity 8654K, committed 8832K, reserved 1048576K
}
Event: 36.358 GC heap before
{Heap before GC invocations=22 (full 4):
 PSYoungGen      total 324096K, used 268394K [0x0000000780000000, 0x0000000798380000, 0x00000007c0000000)
  eden space 274944K, 96% used [0x0000000780000000,0x00000007903369e8,0x0000000790c80000)
  from space 49152K, 6% used [0x0000000790c80000,0x0000000790f64080,0x0000000793c80000)
  to   space 48128K, 0% used [0x0000000795480000,0x0000000795480000,0x0000000798380000)
 ParOldGen       total 251392K, used 105005K [0x0000000700000000, 0x000000070f580000, 0x0000000780000000)
  object space 251392K, 41% used [0x0000000700000000,0x000000070668b428,0x000000070f580000)
 Metaspace       used 61583K, capacity 62600K, committed 63104K, reserved 1103872K
  class space    used 8388K, capacity 8654K, committed 8832K, reserved 1048576K
Event: 36.369 GC heap after
Heap after GC invocations=22 (full 4):
 PSYoungGen      total 347136K, used 27408K [0x0000000780000000, 0x0000000798400000, 0x00000007c0000000)
  eden space 299008K, 0% used [0x0000000780000000,0x0000000780000000,0x0000000792400000)
  from space 48128K, 56% used [0x0000000795480000,0x0000000796f440b0,0x0000000798380000)
  to   space 49152K, 0% used [0x0000000792400000,0x0000000792400000,0x0000000795400000)
 ParOldGen       total 251392K, used 105013K [0x0000000700000000, 0x000000070f580000, 0x0000000780000000)
  object space 251392K, 41% used [0x0000000700000000,0x000000070668d428,0x000000070f580000)
 Metaspace       used 61583K, capacity 62600K, committed 63104K, reserved 1103872K
  class space    used 8388K, capacity 8654K, committed 8832K, reserved 1048576K
}
Event: 37.212 GC heap before
{Heap before GC invocations=23 (full 4):
 PSYoungGen      total 347136K, used 322862K [0x0000000780000000, 0x0000000798400000, 0x00000007c0000000)
  eden space 299008K, 98% used [0x0000000780000000,0x0000000792087848,0x0000000792400000)
  from space 48128K, 56% used [0x0000000795480000,0x0000000796f440b0,0x0000000798380000)
  to   space 49152K, 0% used [0x0000000792400000,0x0000000792400000,0x0000000795400000)
 ParOldGen       total 251392K, used 105013K [0x0000000700000000, 0x000000070f580000, 0x0000000780000000)
  object space 251392K, 41% used [0x0000000700000000,0x000000070668d428,0x000000070f580000)
 Metaspace       used 61583K, capacity 62600K, committed 63104K, reserved 1103872K
  class space    used 8388K, capacity 8654K, committed 8832K, reserved 1048576K
Event: 37.222 GC heap after
Heap after GC invocations=23 (full 4):
 PSYoungGen      total 348160K, used 14336K [0x0000000780000000, 0x0000000799c00000, 0x00000007c0000000)
  eden space 299008K, 0% used [0x0000000780000000,0x0000000780000000,0x0000000792400000)
  from space 49152K, 29% used [0x0000000792400000,0x00000007932000b0,0x0000000795400000)
  to   space 46592K, 0% used [0x0000000796e80000,0x0000000796e80000,0x0000000799c00000)
 ParOldGen       total 251392K, used 105013K [0x0000000700000000, 0x000000070f580000, 0x0000000780000000)
  object space 251392K, 41% used [0x0000000700000000,0x000000070668d428,0x000000070f580000)
 Metaspace       used 61583K, capacity 62600K, committed 63104K, reserved 1103872K
  class space    used 8388K, capacity 8654K, committed 8832K, reserved 1048576K
}
Event: 903.670 GC heap before
{Heap before GC invocations=24 (full 4):
 PSYoungGen      total 348160K, used 313344K [0x0000000780000000, 0x0000000799c00000, 0x00000007c0000000)
  eden space 299008K, 100% used [0x0000000780000000,0x0000000792400000,0x0000000792400000)
  from space 49152K, 29% used [0x0000000792400000,0x00000007932000b0,0x0000000795400000)
  to   space 46592K, 0% used [0x0000000796e80000,0x0000000796e80000,0x0000000799c00000)
 ParOldGen       total 251392K, used 105013K [0x0000000700000000, 0x000000070f580000, 0x0000000780000000)
  object space 251392K, 41% used [0x0000000700000000,0x000000070668d428,0x000000070f580000)
 Metaspace       used 62178K, capacity 63284K, committed 63616K, reserved 1103872K
  class space    used 8400K, capacity 8700K, committed 8832K, reserved 1048576K
Event: 903.777 GC heap after
Heap after GC invocations=24 (full 4):
 PSYoungGen      total 292352K, used 2896K [0x0000000780000000, 0x0000000797280000, 0x00000007c0000000)
  eden space 288256K, 0% used [0x0000000780000000,0x0000000780000000,0x0000000791980000)
  from space 4096K, 70% used [0x0000000796e80000,0x0000000797154030,0x0000000797280000)
  to   space 45568K, 0% used [0x0000000791980000,0x0000000791980000,0x0000000794600000)
 ParOldGen       total 251392K, used 105021K [0x0000000700000000, 0x000000070f580000, 0x0000000780000000)
  object space 251392K, 41% used [0x0000000700000000,0x000000070668f428,0x000000070f580000)
 Metaspace       used 62178K, capacity 63284K, committed 63616K, reserved 1103872K
  class space    used 8400K, capacity 8700K, committed 8832K, reserved 1048576K
}

